2021-05-17 21:14:16,487:INFO:discord.client: logging in using static token
2021-05-17 21:14:20,243:INFO:discord.gateway: Shard ID 0 has sent the IDENTIFY payload.
2021-05-17 21:14:20,541:INFO:discord.gateway: Shard ID 0 has connected to Gateway: ["gateway-prd-main-j7zt",{"micros":223236,"calls":["discord-sessions-green-prd-2-170",{"micros":220415,"calls":["start_session",{"micros":101055,"calls":["api-prd-main-ng7r",{"micros":94089,"calls":["get_user",{"micros":5534},"add_authorized_ip",{"micros":15265},"get_guilds",{"micros":23947},"coros_wait",{"micros":1}]}]},"guilds_connect",{"micros":16,"calls":[]},"presence_connect",{"micros":2,"calls":[]}]}]}] (Session ID: f1676f2e0c96a595c19a4efb8500a61b).
2021-05-17 22:06:08,047:INFO:discord.shard: Got a request to RESUME the websocket at Shard ID 0.
2021-05-17 22:06:08,217:INFO:discord.gateway: Shard ID 0 has sent the RESUME payload.
2021-05-17 22:06:08,300:INFO:discord.gateway: Shard ID 0 has successfully RESUMED session f1676f2e0c96a595c19a4efb8500a61b under trace ["gateway-prd-main-qc3z",{"micros":3380,"calls":["discord-sessions-green-prd-2-170",{"micros":156}]}].
2021-05-18 00:00:01,854:INFO:discord.shard: Got a request to RESUME the websocket at Shard ID 0.
2021-05-18 00:00:02,048:INFO:discord.gateway: Shard ID 0 has sent the RESUME payload.
2021-05-18 00:00:02,127:INFO:discord.gateway: Shard ID 0 has successfully RESUMED session f1676f2e0c96a595c19a4efb8500a61b under trace ["gateway-prd-main-52rx",{"micros":1091,"calls":["discord-sessions-green-prd-2-170",{"micros":305}]}].
2021-05-18 02:24:10,937:INFO:discord.gateway: Websocket closed with 1006, attempting a reconnect.
2021-05-18 02:24:10,938:INFO:discord.shard: Got a request to RESUME the websocket at Shard ID 0.
2021-05-18 02:24:11,118:INFO:discord.gateway: Shard ID 0 has sent the RESUME payload.
2021-05-18 02:24:11,197:INFO:discord.gateway: Shard ID 0 has successfully RESUMED session f1676f2e0c96a595c19a4efb8500a61b under trace ["gateway-prd-main-2n3l",{"micros":1506,"calls":["discord-sessions-green-prd-2-170",{"micros":312}]}].
2021-05-18 02:39:39,387:INFO:discord.shard: Got a request to RESUME the websocket at Shard ID 0.
2021-05-18 02:39:39,577:INFO:discord.gateway: Shard ID 0 has sent the RESUME payload.
2021-05-18 02:39:39,654:INFO:discord.gateway: Shard ID 0 has successfully RESUMED session f1676f2e0c96a595c19a4efb8500a61b under trace ["gateway-prd-main-bsm7",{"micros":958,"calls":["discord-sessions-green-prd-2-170",{"micros":170}]}].
2021-05-18 05:44:42,692:INFO:discord.shard: Got a request to RESUME the websocket at Shard ID 0.
2021-05-18 05:44:42,891:INFO:discord.gateway: Shard ID 0 has sent the RESUME payload.
2021-05-18 05:44:42,980:INFO:discord.gateway: Shard ID 0 has successfully RESUMED session f1676f2e0c96a595c19a4efb8500a61b under trace ["gateway-prd-main-77sw",{"micros":5413,"calls":["discord-sessions-green-prd-2-170",{"micros":93}]}].
2021-05-18 08:01:12,158:INFO:discord.shard: Got a request to RESUME the websocket at Shard ID 0.
2021-05-18 08:01:12,353:INFO:discord.gateway: Shard ID 0 has sent the RESUME payload.
2021-05-18 08:01:12,442:INFO:discord.gateway: Shard ID 0 has successfully RESUMED session f1676f2e0c96a595c19a4efb8500a61b under trace ["gateway-prd-main-dmv9",{"micros":4401,"calls":["discord-sessions-green-prd-2-170",{"micros":289}]}].
2021-05-18 11:59:57,382:INFO:discord.shard: Got a request to RESUME the websocket at Shard ID 0.
2021-05-18 11:59:57,561:INFO:discord.gateway: Shard ID 0 has sent the RESUME payload.
2021-05-18 11:59:57,641:INFO:discord.gateway: Shard ID 0 has successfully RESUMED session f1676f2e0c96a595c19a4efb8500a61b under trace ["gateway-prd-main-rkrd",{"micros":2723,"calls":["discord-sessions-green-prd-2-170",{"micros":178}]}].
2021-05-18 12:31:06,310:INFO:discord.gateway: Websocket closed with 1006, attempting a reconnect.
2021-05-18 12:31:06,311:INFO:discord.shard: Got a request to RESUME the websocket at Shard ID 0.
2021-05-18 12:31:06,476:INFO:discord.gateway: Shard ID 0 has sent the RESUME payload.
2021-05-18 12:31:06,589:INFO:discord.gateway: Shard ID 0 has successfully RESUMED session f1676f2e0c96a595c19a4efb8500a61b under trace ["gateway-prd-main-88hb",{"micros":7539,"calls":["discord-sessions-green-prd-2-170",{"micros":411}]}].
2021-05-18 14:28:03,484:INFO:discord.shard: Got a request to RESUME the websocket at Shard ID 0.
2021-05-18 14:28:03,668:INFO:discord.gateway: Shard ID 0 has sent the RESUME payload.
2021-05-18 14:28:03,768:INFO:discord.gateway: Shard ID 0 has successfully RESUMED session f1676f2e0c96a595c19a4efb8500a61b under trace ["gateway-prd-main-xz0q",{"micros":5191,"calls":["discord-sessions-green-prd-2-170",{"micros":172}]}].
2021-05-18 15:26:10,088:INFO:discord.gateway: Websocket closed with 1006, attempting a reconnect.
2021-05-18 15:26:10,088:INFO:discord.shard: Got a request to RESUME the websocket at Shard ID 0.
2021-05-18 15:26:10,296:INFO:discord.gateway: Shard ID 0 has sent the RESUME payload.
2021-05-18 15:26:10,384:INFO:discord.gateway: Shard ID 0 has successfully RESUMED session f1676f2e0c96a595c19a4efb8500a61b under trace ["gateway-prd-main-t7cp",{"micros":2158,"calls":["discord-sessions-green-prd-2-170",{"micros":361}]}].
2021-05-18 15:36:05,054:INFO:discord.gateway: Websocket closed with 1006, attempting a reconnect.
2021-05-18 15:36:05,055:INFO:discord.shard: Got a request to RESUME the websocket at Shard ID 0.
2021-05-18 15:36:05,241:INFO:discord.gateway: Shard ID 0 has sent the RESUME payload.
2021-05-18 15:36:05,329:INFO:discord.gateway: Shard ID 0 has successfully RESUMED session f1676f2e0c96a595c19a4efb8500a61b under trace ["gateway-prd-main-77sw",{"micros":2767,"calls":["discord-sessions-green-prd-2-170",{"micros":338}]}].
2021-05-18 15:48:49,042:INFO:discord.gateway: Websocket closed with 1006, attempting a reconnect.
2021-05-18 15:48:49,042:INFO:discord.shard: Got a request to RESUME the websocket at Shard ID 0.
2021-05-18 15:48:49,237:INFO:discord.gateway: Shard ID 0 has sent the RESUME payload.
2021-05-18 15:48:49,376:INFO:discord.gateway: Shard ID 0 has successfully RESUMED session f1676f2e0c96a595c19a4efb8500a61b under trace ["gateway-prd-main-cszr",{"micros":17236,"calls":["discord-sessions-green-prd-2-170",{"micros":995}]}].
2021-05-18 17:07:17,579:INFO:discord.gateway: Websocket closed with 1006, attempting a reconnect.
2021-05-18 17:07:17,580:INFO:discord.shard: Got a request to RESUME the websocket at Shard ID 0.
2021-05-18 17:07:18,117:INFO:discord.gateway: Shard ID 0 has sent the RESUME payload.
2021-05-18 17:07:18,293:INFO:discord.gateway: Shard ID 0 has successfully RESUMED session f1676f2e0c96a595c19a4efb8500a61b under trace ["gateway-prd-main-gj98",{"micros":17361,"calls":["discord-sessions-green-prd-2-170",{"micros":441}]}].
2021-05-18 19:34:18,574:INFO:discord.shard: Got a request to RESUME the websocket at Shard ID 0.
2021-05-18 19:34:18,770:INFO:discord.gateway: Shard ID 0 has sent the RESUME payload.
2021-05-18 19:34:18,887:INFO:discord.gateway: Shard ID 0 has successfully RESUMED session f1676f2e0c96a595c19a4efb8500a61b under trace ["gateway-prd-main-g4xx",{"micros":3837,"calls":["discord-sessions-green-prd-2-170",{"micros":623}]}].
2021-05-18 20:22:38,837:INFO:discord.shard: Got a request to RESUME the websocket at Shard ID 0.
2021-05-18 20:22:39,018:INFO:discord.gateway: Shard ID 0 has sent the RESUME payload.
2021-05-18 20:22:39,105:INFO:discord.gateway: Shard ID 0 has successfully RESUMED session f1676f2e0c96a595c19a4efb8500a61b under trace ["gateway-prd-main-54tx",{"micros":6429,"calls":["discord-sessions-green-prd-2-170",{"micros":220}]}].
2021-05-18 21:14:47,759:INFO:discord.shard: Got a request to RESUME the websocket at Shard ID 0.
2021-05-18 21:14:47,947:INFO:discord.gateway: Shard ID 0 has sent the RESUME payload.
2021-05-18 21:14:48,033:INFO:discord.gateway: Shard ID 0 has successfully RESUMED session f1676f2e0c96a595c19a4efb8500a61b under trace ["gateway-prd-main-4m68",{"micros":6780,"calls":["discord-sessions-green-prd-2-170",{"micros":1615}]}].
2021-05-19 00:33:16,521:INFO:discord.shard: Got a request to RESUME the websocket at Shard ID 0.
2021-05-19 00:33:16,707:INFO:discord.gateway: Shard ID 0 has sent the RESUME payload.
2021-05-19 00:33:16,791:INFO:discord.gateway: Shard ID 0 has successfully RESUMED session f1676f2e0c96a595c19a4efb8500a61b under trace ["gateway-prd-main-dg01",{"micros":5558,"calls":["discord-sessions-green-prd-2-170",{"micros":362}]}].
2021-05-19 00:51:48,037:INFO:discord.gateway: Websocket closed with 1006, attempting a reconnect.
2021-05-19 00:51:48,038:INFO:discord.shard: Got a request to RESUME the websocket at Shard ID 0.
2021-05-19 00:51:48,223:INFO:discord.gateway: Shard ID 0 has sent the RESUME payload.
2021-05-19 00:51:48,299:INFO:discord.gateway: Shard ID 0 has successfully RESUMED session f1676f2e0c96a595c19a4efb8500a61b under trace ["gateway-prd-main-53pn",{"micros":1612,"calls":["discord-sessions-green-prd-2-170",{"micros":391}]}].
2021-05-19 02:17:45,162:INFO:discord.shard: Got a request to RESUME the websocket at Shard ID 0.
2021-05-19 02:17:45,367:INFO:discord.gateway: Shard ID 0 has sent the RESUME payload.
2021-05-19 02:17:45,484:INFO:discord.gateway: Shard ID 0 has successfully RESUMED session f1676f2e0c96a595c19a4efb8500a61b under trace ["gateway-prd-main-mmn1",{"micros":1730,"calls":["discord-sessions-green-prd-2-170",{"micros":42}]}].
2021-05-19 04:32:49,710:INFO:discord.shard: Got a request to RESUME the websocket at Shard ID 0.
2021-05-19 04:32:49,900:INFO:discord.gateway: Shard ID 0 has sent the RESUME payload.
2021-05-19 04:32:49,978:INFO:discord.gateway: Shard ID 0 has successfully RESUMED session f1676f2e0c96a595c19a4efb8500a61b under trace ["gateway-prd-main-d9qk",{"micros":2424,"calls":["discord-sessions-green-prd-2-170",{"micros":194}]}].
2021-05-19 05:00:45,553:INFO:discord.shard: Got a request to RESUME the websocket at Shard ID 0.
2021-05-19 05:00:45,746:INFO:discord.gateway: Shard ID 0 has sent the RESUME payload.
2021-05-19 05:00:45,847:INFO:discord.gateway: Shard ID 0 has successfully RESUMED session f1676f2e0c96a595c19a4efb8500a61b under trace ["gateway-prd-main-2n97",{"micros":2291,"calls":["discord-sessions-green-prd-2-170",{"micros":224}]}].
2021-05-19 08:08:34,409:INFO:discord.shard: Got a request to RESUME the websocket at Shard ID 0.
2021-05-19 08:08:34,620:INFO:discord.gateway: Shard ID 0 has sent the RESUME payload.
2021-05-19 08:08:34,708:INFO:discord.gateway: Shard ID 0 has successfully RESUMED session f1676f2e0c96a595c19a4efb8500a61b under trace ["gateway-prd-main-16mk",{"micros":5846,"calls":["discord-sessions-green-prd-2-170",{"micros":97}]}].
2021-05-19 09:13:46,255:INFO:discord.shard: Got a request to RESUME the websocket at Shard ID 0.
2021-05-19 09:13:46,465:INFO:discord.gateway: Shard ID 0 has sent the RESUME payload.
2021-05-19 09:13:46,545:INFO:discord.gateway: Shard ID 0 has successfully RESUMED session f1676f2e0c96a595c19a4efb8500a61b under trace ["gateway-prd-main-lhv9",{"micros":2573,"calls":["discord-sessions-green-prd-2-170",{"micros":383}]}].
2021-05-19 12:57:24,554:INFO:discord.shard: Got a request to RESUME the websocket at Shard ID 0.
2021-05-19 12:57:24,794:INFO:discord.gateway: Shard ID 0 has sent the RESUME payload.
2021-05-19 12:57:24,878:INFO:discord.gateway: Shard ID 0 has successfully RESUMED session f1676f2e0c96a595c19a4efb8500a61b under trace ["gateway-prd-main-lmj8",{"micros":5212,"calls":["discord-sessions-green-prd-2-170",{"micros":189}]}].
2021-05-19 14:29:57,554:INFO:discord.shard: Got a request to RESUME the websocket at Shard ID 0.
2021-05-19 14:29:57,799:INFO:discord.gateway: Shard ID 0 has sent the RESUME payload.
2021-05-19 14:29:57,884:INFO:discord.gateway: Shard ID 0 has successfully RESUMED session f1676f2e0c96a595c19a4efb8500a61b under trace ["gateway-prd-main-1jtg",{"micros":2212,"calls":["discord-sessions-green-prd-2-170",{"micros":347}]}].
2021-05-19 15:25:36,657:INFO:discord.gateway: Websocket closed with 1006, attempting a reconnect.
2021-05-19 15:25:36,659:INFO:discord.shard: Got a request to RESUME the websocket at Shard ID 0.
2021-05-19 15:25:37,006:INFO:discord.gateway: Shard ID 0 has sent the RESUME payload.
2021-05-19 15:25:37,333:INFO:discord.gateway: Shard ID 0 has successfully RESUMED session f1676f2e0c96a595c19a4efb8500a61b under trace ["gateway-prd-main-1h08",{"micros":18307,"calls":["discord-sessions-green-prd-2-170",{"micros":1201}]}].
2021-05-19 17:43:03,030:INFO:discord.gateway: Websocket closed with 1006, attempting a reconnect.
2021-05-19 17:43:03,031:INFO:discord.shard: Got a request to RESUME the websocket at Shard ID 0.
2021-05-19 17:43:03,236:INFO:discord.gateway: Shard ID 0 has sent the RESUME payload.
2021-05-19 17:43:03,396:INFO:discord.gateway: Shard ID 0 has successfully RESUMED session f1676f2e0c96a595c19a4efb8500a61b under trace ["gateway-prd-main-lxhn",{"micros":16041,"calls":["discord-sessions-green-prd-2-170",{"micros":2723}]}].
2021-05-19 20:00:17,385:INFO:discord.gateway: Websocket closed with 1006, attempting a reconnect.
2021-05-19 20:00:17,385:INFO:discord.shard: Got a request to RESUME the websocket at Shard ID 0.
2021-05-19 20:00:17,595:INFO:discord.gateway: Shard ID 0 has sent the RESUME payload.
2021-05-19 20:00:17,725:INFO:discord.gateway: Shard ID 0 has successfully RESUMED session f1676f2e0c96a595c19a4efb8500a61b under trace ["gateway-prd-main-gvdx",{"micros":12797,"calls":["discord-sessions-green-prd-2-170",{"micros":650}]}].
2021-05-19 22:41:43,696:INFO:discord.gateway: Websocket closed with 1006, attempting a reconnect.
2021-05-19 22:41:43,696:INFO:discord.shard: Got a request to RESUME the websocket at Shard ID 0.
2021-05-19 22:41:43,863:INFO:discord.gateway: Shard ID 0 has sent the RESUME payload.
2021-05-19 22:41:43,945:INFO:discord.gateway: Shard ID 0 has successfully RESUMED session f1676f2e0c96a595c19a4efb8500a61b under trace ["gateway-prd-main-9f6z",{"micros":3575,"calls":["discord-sessions-green-prd-2-170",{"micros":389}]}].
2021-05-20 00:44:57,933:INFO:discord.shard: Got a request to RESUME the websocket at Shard ID 0.
2021-05-20 00:44:58,137:INFO:discord.gateway: Shard ID 0 has sent the RESUME payload.
2021-05-20 00:44:58,218:INFO:discord.gateway: Shard ID 0 has successfully RESUMED session f1676f2e0c96a595c19a4efb8500a61b under trace ["gateway-prd-main-lhv9",{"micros":2909,"calls":["discord-sessions-green-prd-2-170",{"micros":287}]}].
2021-05-20 03:28:11,920:INFO:discord.shard: Got a request to RESUME the websocket at Shard ID 0.
2021-05-20 03:28:12,100:INFO:discord.gateway: Shard ID 0 has sent the RESUME payload.
2021-05-20 03:28:12,178:INFO:discord.gateway: Shard ID 0 has successfully RESUMED session f1676f2e0c96a595c19a4efb8500a61b under trace ["gateway-prd-main-tdw2",{"micros":2069,"calls":["discord-sessions-green-prd-2-170",{"micros":201}]}].
2021-05-20 06:37:29,546:INFO:discord.shard: Got a request to RESUME the websocket at Shard ID 0.
2021-05-20 06:37:29,714:INFO:discord.gateway: Shard ID 0 has sent the RESUME payload.
2021-05-20 06:37:29,791:INFO:discord.gateway: Shard ID 0 has successfully RESUMED session f1676f2e0c96a595c19a4efb8500a61b under trace ["gateway-prd-main-9qrz",{"micros":908,"calls":["discord-sessions-green-prd-2-170",{"micros":123}]}].
